# JRE version: Java(TM) SE Runtime Environment (21.0.8+12) (build 21.0.8+12-LTS-250)
# Java VM: Java HotSpot(TM) 64-Bit Server VM (21.0.8+12-LTS-250, mixed mode, sharing, tiered, compressed oops, compressed class ptrs, g1 gc, windows-amd64)
GC Precious Log:
 CardTable entry size: 512
 Card Set container configuration: InlinePtr #cards 5 size 8 Array Of Cards #cards 12 size 40 Howl #buckets 4 coarsen threshold 1843 Howl Bitmap #cards 512 size 80 coarsen threshold 460 Card regions per heap region 1 cards per card region 2048
 CPUs: 12 total, 12 available
 Memory: 6005M
 Large Page Support: Disabled
 NUMA Support: Disabled
 Compressed Oops: Enabled (32-bit)
 Heap Region Size: 1M
 Heap Min Capacity: 8M
 Heap Initial Capacity: 94M
 Heap Max Capacity: 1536M
 Pre-touch: Disabled
 Parallel Workers: 10
 Concurrent Workers: 3
 Concurrent Refinement Workers: 10
 Periodic GC: Disabled
Heap:
 garbage-first heap   total 89088K, used 77303K [0x00000000a0000000, 0x0000000100000000)
  region size 1024K, 39 young (39936K), 3 survivors (3072K)
 Metaspace       used 49830K, committed 51456K, reserved 1114112K
  class space    used 6997K, committed 7808K, reserved 1048576K
GC Heap History (20 events):
Event: 2.666 GC heap before
{Heap before GC invocations=1 (full 0):
 garbage-first heap   total 96256K, used 38208K [0x00000000a0000000, 0x0000000100000000)
  region size 1024K, 31 young (31744K), 3 survivors (3072K)
 Metaspace       used 4128K, committed 4288K, reserved 1114112K
  class space    used 495K, committed 576K, reserved 1048576K
}
Event: 2.673 GC heap after
{Heap after GC invocations=2 (full 0):
 garbage-first heap   total 96256K, used 11451K [0x00000000a0000000, 0x0000000100000000)
  region size 1024K, 1 young (1024K), 1 survivors (1024K)
 Metaspace       used 4128K, committed 4288K, reserved 1114112K
  class space    used 495K, committed 576K, reserved 1048576K
}
Event: 6.224 GC heap before
{Heap before GC invocations=2 (full 0):
 garbage-first heap   total 96256K, used 67771K [0x00000000a0000000, 0x0000000100000000)
  region size 1024K, 56 young (57344K), 1 survivors (1024K)
 Metaspace       used 13942K, committed 14336K, reserved 1114112K
  class space    used 1871K, committed 2048K, reserved 1048576K
}
Event: 6.233 GC heap after
{Heap after GC invocations=3 (full 0):
 garbage-first heap   total 96256K, used 20417K [0x00000000a0000000, 0x0000000100000000)
  region size 1024K, 7 young (7168K), 7 survivors (7168K)
 Metaspace       used 13942K, committed 14336K, reserved 1114112K
  class space    used 1871K, committed 2048K, reserved 1048576K
}
Event: 8.223 GC heap before
{Heap before GC invocations=3 (full 0):
 garbage-first heap   total 96256K, used 68545K [0x00000000a0000000, 0x0000000100000000)
  region size 1024K, 54 young (55296K), 7 survivors (7168K)
 Metaspace       used 20750K, committed 21440K, reserved 1114112K
  class space    used 2979K, committed 3328K, reserved 1048576K
}
Event: 8.231 GC heap after
{Heap after GC invocations=4 (full 0):
 garbage-first heap   total 96256K, used 23719K [0x00000000a0000000, 0x0000000100000000)
  region size 1024K, 4 young (4096K), 4 survivors (4096K)
 Metaspace       used 20750K, committed 21440K, reserved 1114112K
  class space    used 2979K, committed 3328K, reserved 1048576K
}
Event: 8.266 GC heap before
{Heap before GC invocations=4 (full 0):
 garbage-first heap   total 96256K, used 24743K [0x00000000a0000000, 0x0000000100000000)
  region size 1024K, 6 young (6144K), 4 survivors (4096K)
 Metaspace       used 20851K, committed 21504K, reserved 1114112K
  class space    used 2991K, committed 3328K, reserved 1048576K
}
Event: 8.269 GC heap after
{Heap after GC invocations=5 (full 0):
 garbage-first heap   total 96256K, used 23959K [0x00000000a0000000, 0x0000000100000000)
  region size 1024K, 4 young (4096K), 4 survivors (4096K)
 Metaspace       used 20851K, committed 21504K, reserved 1114112K
  class space    used 2991K, committed 3328K, reserved 1048576K
}
Event: 9.993 GC heap before
{Heap before GC invocations=6 (full 0):
 garbage-first heap   total 89088K, used 72087K [0x00000000a0000000, 0x0000000100000000)
  region size 1024K, 52 young (53248K), 4 survivors (4096K)
 Metaspace       used 27301K, committed 28352K, reserved 1114112K
  class space    used 3973K, committed 4480K, reserved 1048576K
}
Event: 9.999 GC heap after
{Heap after GC invocations=7 (full 0):
 garbage-first heap   total 89088K, used 27892K [0x00000000a0000000, 0x0000000100000000)
  region size 1024K, 7 young (7168K), 7 survivors (7168K)
 Metaspace       used 27301K, committed 28352K, reserved 1114112K
  class space    used 3973K, committed 4480K, reserved 1048576K
}
Event: 11.146 GC heap before
{Heap before GC invocations=7 (full 0):
 garbage-first heap   total 89088K, used 69876K [0x00000000a0000000, 0x0000000100000000)
  region size 1024K, 49 young (50176K), 7 survivors (7168K)
 Metaspace       used 34583K, committed 35840K, reserved 1114112K
  class space    used 4951K, committed 5568K, reserved 1048576K
}
Event: 11.153 GC heap after
{Heap after GC invocations=8 (full 0):
 garbage-first heap   total 89088K, used 31535K [0x00000000a0000000, 0x0000000100000000)
  region size 1024K, 4 young (4096K), 4 survivors (4096K)
 Metaspace       used 34583K, committed 35840K, reserved 1114112K
  class space    used 4951K, committed 5568K, reserved 1048576K
}
Event: 11.168 GC heap before
{Heap before GC invocations=8 (full 0):
 garbage-first heap   total 89088K, used 31535K [0x00000000a0000000, 0x0000000100000000)
  region size 1024K, 5 young (5120K), 4 survivors (4096K)
 Metaspace       used 34789K, committed 35968K, reserved 1114112K
  class space    used 4974K, committed 5568K, reserved 1048576K
}
Event: 11.172 GC heap after
{Heap after GC invocations=9 (full 0):
 garbage-first heap   total 89088K, used 31692K [0x00000000a0000000, 0x0000000100000000)
  region size 1024K, 1 young (1024K), 1 survivors (1024K)
 Metaspace       used 34789K, committed 35968K, reserved 1114112K
  class space    used 4974K, committed 5568K, reserved 1048576K
}
Event: 12.106 GC heap before
{Heap before GC invocations=10 (full 0):
 garbage-first heap   total 89088K, used 80844K [0x00000000a0000000, 0x0000000100000000)
  region size 1024K, 44 young (45056K), 1 survivors (1024K)
 Metaspace       used 38728K, committed 40064K, reserved 1114112K
  class space    used 5354K, committed 6016K, reserved 1048576K
}
Event: 12.111 GC heap after
{Heap after GC invocations=11 (full 0):
 garbage-first heap   total 89088K, used 36111K [0x00000000a0000000, 0x0000000100000000)
  region size 1024K, 5 young (5120K), 5 survivors (5120K)
 Metaspace       used 38728K, committed 40064K, reserved 1114112K
  class space    used 5354K, committed 6016K, reserved 1048576K
}
Event: 13.145 GC heap before
{Heap before GC invocations=11 (full 0):
 garbage-first heap   total 89088K, used 76047K [0x00000000a0000000, 0x0000000100000000)
  region size 1024K, 44 young (45056K), 5 survivors (5120K)
 Metaspace       used 42506K, committed 43968K, reserved 1114112K
  class space    used 5947K, committed 6656K, reserved 1048576K
}
Event: 13.150 GC heap after
{Heap after GC invocations=12 (full 0):
 garbage-first heap   total 89088K, used 39141K [0x00000000a0000000, 0x0000000100000000)
  region size 1024K, 4 young (4096K), 4 survivors (4096K)
 Metaspace       used 42506K, committed 43968K, reserved 1114112K
  class space    used 5947K, committed 6656K, reserved 1048576K
}
Event: 14.014 GC heap before
{Heap before GC invocations=12 (full 0):
 garbage-first heap   total 89088K, used 78053K [0x00000000a0000000, 0x0000000100000000)
  region size 1024K, 41 young (41984K), 4 survivors (4096K)
 Metaspace       used 46220K, committed 47872K, reserved 1114112K
  class space    used 6457K, committed 7232K, reserved 1048576K
}
Event: 14.018 GC heap after
{Heap after GC invocations=13 (full 0):
 garbage-first heap   total 89088K, used 41463K [0x00000000a0000000, 0x0000000100000000)
  region size 1024K, 3 young (3072K), 3 survivors (3072K)
 Metaspace       used 46220K, committed 47872K, reserved 1114112K
  class space    used 6457K, committed 7232K, reserved 1048576K
}

