# JRE version: OpenJDK Runtime Environment Temurin-21.0.10+7 (21.0.10+7) (build 21.0.10+7-LTS)
# Java VM: OpenJDK 64-Bit Server VM Temurin-21.0.10+7 (21.0.10+7-LTS, mixed mode, sharing, tiered, compressed oops, compressed class ptrs, parallel gc, windows-amd64)
GC Precious Log:
 CardTable entry size: 512
 CPUs: 12 total, 12 available
 Memory: 6005M
 Large Page Support: Disabled
 NUMA Support: Disabled
 Compressed Oops: Enabled (32-bit)
 Alignments: Space 512K, Generation 512K, Heap 2M
 Heap Min Capacity: 100M
 Heap Initial Capacity: 100M
 Heap Max Capacity: 2G
 Pre-touch: Disabled
 Parallel Workers: 10
Heap:
 PSYoungGen      total 20992K, used 5511K [0x00000000d5580000, 0x00000000d6b80000, 0x0000000100000000)
  eden space 20480K, 24% used [0x00000000d5580000,0x00000000d5a63b68,0x00000000d6980000)
  from space 512K, 98% used [0x00000000d6b00000,0x00000000d6b7e1c8,0x00000000d6b80000)
  to   space 1024K, 0% used [0x00000000d6980000,0x00000000d6980000,0x00000000d6a80000)
 ParOldGen       total 68608K, used 54752K [0x0000000080000000, 0x0000000084300000, 0x00000000d5580000)
  object space 68608K, 79% used [0x0000000080000000,0x0000000083578300,0x0000000084300000)
 Metaspace       used 20908K, committed 21952K, reserved 1114112K
  class space    used 2084K, committed 2496K, reserved 1048576K
GC Heap History (20 events):
Event: 48.661 GC heap before
{Heap before GC invocations=44 (full 0):
 PSYoungGen      total 22016K, used 22003K [0x00000000d5580000, 0x00000000d7080000, 0x0000000100000000)
  eden space 20480K, 100% used [0x00000000d5580000,0x00000000d6980000,0x00000000d6980000)
  from space 1536K, 99% used [0x00000000d6a00000,0x00000000d6b7ceb0,0x00000000d6b80000)
  to   space 3584K, 0% used [0x00000000d6d00000,0x00000000d6d00000,0x00000000d7080000)
 ParOldGen       total 68608K, used 59623K [0x0000000080000000, 0x0000000084300000, 0x00000000d5580000)
  object space 68608K, 86% used [0x0000000080000000,0x0000000083a39d88,0x0000000084300000)
 Metaspace       used 19919K, committed 20864K, reserved 1114112K
  class space    used 1976K, committed 2368K, reserved 1048576K
}
Event: 48.664 GC heap after
{Heap after GC invocations=44 (full 0):
 PSYoungGen      total 22016K, used 1088K [0x00000000d5580000, 0x00000000d6e80000, 0x0000000100000000)
  eden space 20480K, 0% used [0x00000000d5580000,0x00000000d5580000,0x00000000d6980000)
  from space 1536K, 70% used [0x00000000d6d00000,0x00000000d6e10000,0x00000000d6e80000)
  to   space 2048K, 0% used [0x00000000d6a80000,0x00000000d6a80000,0x00000000d6c80000)
 ParOldGen       total 68608K, used 60962K [0x0000000080000000, 0x0000000084300000, 0x00000000d5580000)
  object space 68608K, 88% used [0x0000000080000000,0x0000000083b889f8,0x0000000084300000)
 Metaspace       used 19919K, committed 20864K, reserved 1114112K
  class space    used 1976K, committed 2368K, reserved 1048576K
}
Event: 48.791 GC heap before
{Heap before GC invocations=45 (full 0):
 PSYoungGen      total 22016K, used 21568K [0x00000000d5580000, 0x00000000d6e80000, 0x0000000100000000)
  eden space 20480K, 100% used [0x00000000d5580000,0x00000000d6980000,0x00000000d6980000)
  from space 1536K, 70% used [0x00000000d6d00000,0x00000000d6e10000,0x00000000d6e80000)
  to   space 2048K, 0% used [0x00000000d6a80000,0x00000000d6a80000,0x00000000d6c80000)
 ParOldGen       total 68608K, used 60962K [0x0000000080000000, 0x0000000084300000, 0x00000000d5580000)
  object space 68608K, 88% used [0x0000000080000000,0x0000000083b889f8,0x0000000084300000)
 Metaspace       used 19983K, committed 20928K, reserved 1114112K
  class space    used 1977K, committed 2368K, reserved 1048576K
}
Event: 48.793 GC heap after
{Heap after GC invocations=45 (full 0):
 PSYoungGen      total 22016K, used 1319K [0x00000000d5580000, 0x00000000d6d80000, 0x0000000100000000)
  eden space 20480K, 0% used [0x00000000d5580000,0x00000000d5580000,0x00000000d6980000)
  from space 1536K, 85% used [0x00000000d6a80000,0x00000000d6bc9e20,0x00000000d6c00000)
  to   space 1536K, 0% used [0x00000000d6c00000,0x00000000d6c00000,0x00000000d6d80000)
 ParOldGen       total 68608K, used 61890K [0x0000000080000000, 0x0000000084300000, 0x00000000d5580000)
  object space 68608K, 90% used [0x0000000080000000,0x0000000083c70a08,0x0000000084300000)
 Metaspace       used 19983K, committed 20928K, reserved 1114112K
  class space    used 1977K, committed 2368K, reserved 1048576K
}
Event: 48.910 GC heap before
{Heap before GC invocations=46 (full 0):
 PSYoungGen      total 22016K, used 21799K [0x00000000d5580000, 0x00000000d6d80000, 0x0000000100000000)
  eden space 20480K, 100% used [0x00000000d5580000,0x00000000d6980000,0x00000000d6980000)
  from space 1536K, 85% used [0x00000000d6a80000,0x00000000d6bc9e20,0x00000000d6c00000)
  to   space 1536K, 0% used [0x00000000d6c00000,0x00000000d6c00000,0x00000000d6d80000)
 ParOldGen       total 68608K, used 61890K [0x0000000080000000, 0x0000000084300000, 0x00000000d5580000)
  object space 68608K, 90% used [0x0000000080000000,0x0000000083c70a08,0x0000000084300000)
 Metaspace       used 19983K, committed 20928K, reserved 1114112K
  class space    used 1977K, committed 2368K, reserved 1048576K
}
Event: 48.911 GC heap after
{Heap after GC invocations=46 (full 0):
 PSYoungGen      total 21504K, used 971K [0x00000000d5580000, 0x00000000d6d00000, 0x0000000100000000)
  eden space 20480K, 0% used [0x00000000d5580000,0x00000000d5580000,0x00000000d6980000)
  from space 1024K, 94% used [0x00000000d6c00000,0x00000000d6cf2f20,0x00000000d6d00000)
  to   space 1536K, 0% used [0x00000000d6a00000,0x00000000d6a00000,0x00000000d6b80000)
 ParOldGen       total 68608K, used 62026K [0x0000000080000000, 0x0000000084300000, 0x00000000d5580000)
  object space 68608K, 90% used [0x0000000080000000,0x0000000083c92a08,0x0000000084300000)
 Metaspace       used 19983K, committed 20928K, reserved 1114112K
  class space    used 1977K, committed 2368K, reserved 1048576K
}
Event: 49.124 GC heap before
{Heap before GC invocations=47 (full 0):
 PSYoungGen      total 21504K, used 21444K [0x00000000d5580000, 0x00000000d6d00000, 0x0000000100000000)
  eden space 20480K, 99% used [0x00000000d5580000,0x00000000d697e238,0x00000000d6980000)
  from space 1024K, 94% used [0x00000000d6c00000,0x00000000d6cf2f20,0x00000000d6d00000)
  to   space 1536K, 0% used [0x00000000d6a00000,0x00000000d6a00000,0x00000000d6b80000)
 ParOldGen       total 68608K, used 62026K [0x0000000080000000, 0x0000000084300000, 0x00000000d5580000)
  object space 68608K, 90% used [0x0000000080000000,0x0000000083c92a08,0x0000000084300000)
 Metaspace       used 20146K, committed 21120K, reserved 1114112K
  class space    used 2007K, committed 2368K, reserved 1048576K
}
Event: 49.125 GC heap after
{Heap after GC invocations=47 (full 0):
 PSYoungGen      total 22016K, used 320K [0x00000000d5580000, 0x00000000d6c80000, 0x0000000100000000)
  eden space 20480K, 0% used [0x00000000d5580000,0x00000000d5580000,0x00000000d6980000)
  from space 1536K, 20% used [0x00000000d6a00000,0x00000000d6a50000,0x00000000d6b80000)
  to   space 1024K, 0% used [0x00000000d6b80000,0x00000000d6b80000,0x00000000d6c80000)
 ParOldGen       total 68608K, used 62050K [0x0000000080000000, 0x0000000084300000, 0x00000000d5580000)
  object space 68608K, 90% used [0x0000000080000000,0x0000000083c98a08,0x0000000084300000)
 Metaspace       used 20146K, committed 21120K, reserved 1114112K
  class space    used 2007K, committed 2368K, reserved 1048576K
}
Event: 56.476 GC heap before
{Heap before GC invocations=48 (full 0):
 PSYoungGen      total 22016K, used 20800K [0x00000000d5580000, 0x00000000d6c80000, 0x0000000100000000)
  eden space 20480K, 100% used [0x00000000d5580000,0x00000000d6980000,0x00000000d6980000)
  from space 1536K, 20% used [0x00000000d6a00000,0x00000000d6a50000,0x00000000d6b80000)
  to   space 1024K, 0% used [0x00000000d6b80000,0x00000000d6b80000,0x00000000d6c80000)
 ParOldGen       total 68608K, used 62050K [0x0000000080000000, 0x0000000084300000, 0x00000000d5580000)
  object space 68608K, 90% used [0x0000000080000000,0x0000000083c98a08,0x0000000084300000)
 Metaspace       used 20557K, committed 21504K, reserved 1114112K
  class space    used 2047K, committed 2432K, reserved 1048576K
}
Event: 56.478 GC heap after
{Heap after GC invocations=48 (full 0):
 PSYoungGen      total 21504K, used 992K [0x00000000d5580000, 0x00000000d6c80000, 0x0000000100000000)
  eden space 20480K, 0% used [0x00000000d5580000,0x00000000d5580000,0x00000000d6980000)
  from space 1024K, 96% used [0x00000000d6b80000,0x00000000d6c78010,0x00000000d6c80000)
  to   space 1536K, 0% used [0x00000000d6980000,0x00000000d6980000,0x00000000d6b00000)
 ParOldGen       total 68608K, used 62218K [0x0000000080000000, 0x0000000084300000, 0x00000000d5580000)
  object space 68608K, 90% used [0x0000000080000000,0x0000000083cc2a08,0x0000000084300000)
 Metaspace       used 20557K, committed 21504K, reserved 1114112K
  class space    used 2047K, committed 2432K, reserved 1048576K
}
Event: 57.070 GC heap before
{Heap before GC invocations=49 (full 0):
 PSYoungGen      total 21504K, used 21472K [0x00000000d5580000, 0x00000000d6c80000, 0x0000000100000000)
  eden space 20480K, 100% used [0x00000000d5580000,0x00000000d6980000,0x00000000d6980000)
  from space 1024K, 96% used [0x00000000d6b80000,0x00000000d6c78010,0x00000000d6c80000)
  to   space 1536K, 0% used [0x00000000d6980000,0x00000000d6980000,0x00000000d6b00000)
 ParOldGen       total 68608K, used 62218K [0x0000000080000000, 0x0000000084300000, 0x00000000d5580000)
  object space 68608K, 90% used [0x0000000080000000,0x0000000083cc2a08,0x0000000084300000)
 Metaspace       used 20565K, committed 21504K, reserved 1114112K
  class space    used 2047K, committed 2432K, reserved 1048576K
}
Event: 57.071 GC heap after
{Heap after GC invocations=49 (full 0):
 PSYoungGen      total 22016K, used 256K [0x00000000d5580000, 0x00000000d6c00000, 0x0000000100000000)
  eden space 20480K, 0% used [0x00000000d5580000,0x00000000d5580000,0x00000000d6980000)
  from space 1536K, 16% used [0x00000000d6980000,0x00000000d69c0000,0x00000000d6b00000)
  to   space 1024K, 0% used [0x00000000d6b00000,0x00000000d6b00000,0x00000000d6c00000)
 ParOldGen       total 68608K, used 62950K [0x0000000080000000, 0x0000000084300000, 0x00000000d5580000)
  object space 68608K, 91% used [0x0000000080000000,0x0000000083d79ac0,0x0000000084300000)
 Metaspace       used 20565K, committed 21504K, reserved 1114112K
  class space    used 2047K, committed 2432K, reserved 1048576K
}
Event: 57.232 GC heap before
{Heap before GC invocations=50 (full 0):
 PSYoungGen      total 22016K, used 20736K [0x00000000d5580000, 0x00000000d6c00000, 0x0000000100000000)
  eden space 20480K, 100% used [0x00000000d5580000,0x00000000d6980000,0x00000000d6980000)
  from space 1536K, 16% used [0x00000000d6980000,0x00000000d69c0000,0x00000000d6b00000)
  to   space 1024K, 0% used [0x00000000d6b00000,0x00000000d6b00000,0x00000000d6c00000)
 ParOldGen       total 68608K, used 62950K [0x0000000080000000, 0x0000000084300000, 0x00000000d5580000)
  object space 68608K, 91% used [0x0000000080000000,0x0000000083d79ac0,0x0000000084300000)
 Metaspace       used 20568K, committed 21504K, reserved 1114112K
  class space    used 2047K, committed 2432K, reserved 1048576K
}
Event: 57.233 GC heap after
{Heap after GC invocations=50 (full 0):
 PSYoungGen      total 20992K, used 224K [0x00000000d5580000, 0x00000000d6b80000, 0x0000000100000000)
  eden space 20480K, 0% used [0x00000000d5580000,0x00000000d5580000,0x00000000d6980000)
  from space 512K, 43% used [0x00000000d6b00000,0x00000000d6b38000,0x00000000d6b80000)
  to   space 512K, 0% used [0x00000000d6a80000,0x00000000d6a80000,0x00000000d6b00000)
 ParOldGen       total 68608K, used 63006K [0x0000000080000000, 0x0000000084300000, 0x00000000d5580000)
  object space 68608K, 91% used [0x0000000080000000,0x0000000083d87ac0,0x0000000084300000)
 Metaspace       used 20568K, committed 21504K, reserved 1114112K
  class space    used 2047K, committed 2432K, reserved 1048576K
}
Event: 57.301 GC heap before
{Heap before GC invocations=51 (full 0):
 PSYoungGen      total 20992K, used 10755K [0x00000000d5580000, 0x00000000d6b80000, 0x0000000100000000)
  eden space 20480K, 51% used [0x00000000d5580000,0x00000000d5fc8db0,0x00000000d6980000)
  from space 512K, 43% used [0x00000000d6b00000,0x00000000d6b38000,0x00000000d6b80000)
  to   space 512K, 0% used [0x00000000d6a80000,0x00000000d6a80000,0x00000000d6b00000)
 ParOldGen       total 68608K, used 63006K [0x0000000080000000, 0x0000000084300000, 0x00000000d5580000)
  object space 68608K, 91% used [0x0000000080000000,0x0000000083d87ac0,0x0000000084300000)
 Metaspace       used 20582K, committed 21504K, reserved 1114112K
  class space    used 2051K, committed 2432K, reserved 1048576K
}
Event: 57.301 GC heap after
{Heap after GC invocations=51 (full 0):
 PSYoungGen      total 20992K, used 288K [0x00000000d5580000, 0x00000000d6b80000, 0x0000000100000000)
  eden space 20480K, 0% used [0x00000000d5580000,0x00000000d5580000,0x00000000d6980000)
  from space 512K, 56% used [0x00000000d6a80000,0x00000000d6ac8000,0x00000000d6b00000)
  to   space 512K, 0% used [0x00000000d6b00000,0x00000000d6b00000,0x00000000d6b80000)
 ParOldGen       total 68608K, used 63046K [0x0000000080000000, 0x0000000084300000, 0x00000000d5580000)
  object space 68608K, 91% used [0x0000000080000000,0x0000000083d91ac0,0x0000000084300000)
 Metaspace       used 20582K, committed 21504K, reserved 1114112K
  class space    used 2051K, committed 2432K, reserved 1048576K
}
Event: 57.301 GC heap before
{Heap before GC invocations=52 (full 1):
 PSYoungGen      total 20992K, used 288K [0x00000000d5580000, 0x00000000d6b80000, 0x0000000100000000)
  eden space 20480K, 0% used [0x00000000d5580000,0x00000000d5580000,0x00000000d6980000)
  from space 512K, 56% used [0x00000000d6a80000,0x00000000d6ac8000,0x00000000d6b00000)
  to   space 512K, 0% used [0x00000000d6b00000,0x00000000d6b00000,0x00000000d6b80000)
 ParOldGen       total 68608K, used 63046K [0x0000000080000000, 0x0000000084300000, 0x00000000d5580000)
  object space 68608K, 91% used [0x0000000080000000,0x0000000083d91ac0,0x0000000084300000)
 Metaspace       used 20582K, committed 21504K, reserved 1114112K
  class space    used 2051K, committed 2432K, reserved 1048576K
}
Event: 57.427 GC heap after
{Heap after GC invocations=52 (full 1):
 PSYoungGen      total 20992K, used 0K [0x00000000d5580000, 0x00000000d6b80000, 0x0000000100000000)
  eden space 20480K, 0% used [0x00000000d5580000,0x00000000d5580000,0x00000000d6980000)
  from space 512K, 0% used [0x00000000d6a80000,0x00000000d6a80000,0x00000000d6b00000)
  to   space 512K, 0% used [0x00000000d6b00000,0x00000000d6b00000,0x00000000d6b80000)
 ParOldGen       total 68608K, used 54399K [0x0000000080000000, 0x0000000084300000, 0x00000000d5580000)
  object space 68608K, 79% used [0x0000000080000000,0x000000008351ffa0,0x0000000084300000)
 Metaspace       used 20561K, committed 21504K, reserved 1114112K
  class space    used 2046K, committed 2432K, reserved 1048576K
}
Event: 57.893 GC heap before
{Heap before GC invocations=53 (full 1):
 PSYoungGen      total 20992K, used 20480K [0x00000000d5580000, 0x00000000d6b80000, 0x0000000100000000)
  eden space 20480K, 100% used [0x00000000d5580000,0x00000000d6980000,0x00000000d6980000)
  from space 512K, 0% used [0x00000000d6a80000,0x00000000d6a80000,0x00000000d6b00000)
  to   space 512K, 0% used [0x00000000d6b00000,0x00000000d6b00000,0x00000000d6b80000)
 ParOldGen       total 68608K, used 54399K [0x0000000080000000, 0x0000000084300000, 0x00000000d5580000)
  object space 68608K, 79% used [0x0000000080000000,0x000000008351ffa0,0x0000000084300000)
 Metaspace       used 20873K, committed 21888K, reserved 1114112K
  class space    used 2084K, committed 2496K, reserved 1048576K
}
Event: 57.895 GC heap after
{Heap after GC invocations=53 (full 1):
 PSYoungGen      total 20992K, used 504K [0x00000000d5580000, 0x00000000d6b80000, 0x0000000100000000)
  eden space 20480K, 0% used [0x00000000d5580000,0x00000000d5580000,0x00000000d6980000)
  from space 512K, 98% used [0x00000000d6b00000,0x00000000d6b7e1c8,0x00000000d6b80000)
  to   space 1024K, 0% used [0x00000000d6980000,0x00000000d6980000,0x00000000d6a80000)
 ParOldGen       total 68608K, used 54752K [0x0000000080000000, 0x0000000084300000, 0x00000000d5580000)
  object space 68608K, 79% used [0x0000000080000000,0x0000000083578300,0x0000000084300000)
 Metaspace       used 20873K, committed 21888K, reserved 1114112K
  class space    used 2084K, committed 2496K, reserved 1048576K
}

