# JRE version: OpenJDK Runtime Environment Temurin-21.0.9+10 (21.0.9+10) (build 21.0.9+10-LTS)
# Java VM: OpenJDK 64-Bit Server VM Temurin-21.0.9+10 (21.0.9+10-LTS, mixed mode, sharing, tiered, compressed oops, compressed class ptrs, parallel gc, windows-amd64)
GC Precious Log:
 CardTable entry size: 512
 CPUs: 12 total, 12 available
 Memory: 6005M
 Large Page Support: Disabled
 NUMA Support: Disabled
 Compressed Oops: Enabled (32-bit)
 Alignments: Space 512K, Generation 512K, Heap 2M
 Heap Min Capacity: 100M
 Heap Initial Capacity: 100M
 Heap Max Capacity: 2G
 Pre-touch: Disabled
 Parallel Workers: 10
Heap:
 PSYoungGen      total 13312K, used 3594K [0x00000000d5580000, 0x00000000d6600000, 0x0000000100000000)
  eden space 12800K, 26% used [0x00000000d5580000,0x00000000d58da958,0x00000000d6200000)
  from space 512K, 31% used [0x00000000d6580000,0x00000000d65a8000,0x00000000d6600000)
  to   space 512K, 0% used [0x00000000d6500000,0x00000000d6500000,0x00000000d6580000)
 ParOldGen       total 389632K, used 389551K [0x0000000080000000, 0x0000000097c80000, 0x00000000d5580000)
  object space 389632K, 99% used [0x0000000080000000,0x0000000097c6be30,0x0000000097c80000)
 Metaspace       used 72701K, committed 74048K, reserved 1179648K
  class space    used 8207K, committed 8832K, reserved 1048576K
GC Heap History (20 events):
Event: 116.965 GC heap before
{Heap before GC invocations=389 (full 4):
 PSYoungGen      total 7680K, used 7456K [0x00000000d5580000, 0x00000000d6600000, 0x0000000100000000)
  eden space 7168K, 100% used [0x00000000d5580000,0x00000000d5c80000,0x00000000d5c80000)
  from space 512K, 56% used [0x00000000d6580000,0x00000000d65c8010,0x00000000d6600000)
  to   space 512K, 0% used [0x00000000d6500000,0x00000000d6500000,0x00000000d6580000)
 ParOldGen       total 389632K, used 389279K [0x0000000080000000, 0x0000000097c80000, 0x00000000d5580000)
  object space 389632K, 99% used [0x0000000080000000,0x0000000097c27e20,0x0000000097c80000)
 Metaspace       used 72701K, committed 74048K, reserved 1179648K
  class space    used 8207K, committed 8832K, reserved 1048576K
}
Event: 116.967 GC heap after
{Heap after GC invocations=389 (full 4):
 PSYoungGen      total 7680K, used 320K [0x00000000d5580000, 0x00000000d6600000, 0x0000000100000000)
  eden space 7168K, 0% used [0x00000000d5580000,0x00000000d5580000,0x00000000d5c80000)
  from space 512K, 62% used [0x00000000d6500000,0x00000000d6550010,0x00000000d6580000)
  to   space 512K, 0% used [0x00000000d6580000,0x00000000d6580000,0x00000000d6600000)
 ParOldGen       total 389632K, used 389303K [0x0000000080000000, 0x0000000097c80000, 0x00000000d5580000)
  object space 389632K, 99% used [0x0000000080000000,0x0000000097c2de20,0x0000000097c80000)
 Metaspace       used 72701K, committed 74048K, reserved 1179648K
  class space    used 8207K, committed 8832K, reserved 1048576K
}
Event: 117.066 GC heap before
{Heap before GC invocations=390 (full 4):
 PSYoungGen      total 7680K, used 7488K [0x00000000d5580000, 0x00000000d6600000, 0x0000000100000000)
  eden space 7168K, 100% used [0x00000000d5580000,0x00000000d5c80000,0x00000000d5c80000)
  from space 512K, 62% used [0x00000000d6500000,0x00000000d6550010,0x00000000d6580000)
  to   space 512K, 0% used [0x00000000d6580000,0x00000000d6580000,0x00000000d6600000)
 ParOldGen       total 389632K, used 389303K [0x0000000080000000, 0x0000000097c80000, 0x00000000d5580000)
  object space 389632K, 99% used [0x0000000080000000,0x0000000097c2de20,0x0000000097c80000)
 Metaspace       used 72701K, committed 74048K, reserved 1179648K
  class space    used 8207K, committed 8832K, reserved 1048576K
}
Event: 117.068 GC heap after
{Heap after GC invocations=390 (full 4):
 PSYoungGen      total 7680K, used 352K [0x00000000d5580000, 0x00000000d6600000, 0x0000000100000000)
  eden space 7168K, 0% used [0x00000000d5580000,0x00000000d5580000,0x00000000d5c80000)
  from space 512K, 68% used [0x00000000d6580000,0x00000000d65d8010,0x00000000d6600000)
  to   space 512K, 0% used [0x00000000d6500000,0x00000000d6500000,0x00000000d6580000)
 ParOldGen       total 389632K, used 389343K [0x0000000080000000, 0x0000000097c80000, 0x00000000d5580000)
  object space 389632K, 99% used [0x0000000080000000,0x0000000097c37e20,0x0000000097c80000)
 Metaspace       used 72701K, committed 74048K, reserved 1179648K
  class space    used 8207K, committed 8832K, reserved 1048576K
}
Event: 117.197 GC heap before
{Heap before GC invocations=391 (full 4):
 PSYoungGen      total 7680K, used 7520K [0x00000000d5580000, 0x00000000d6600000, 0x0000000100000000)
  eden space 7168K, 100% used [0x00000000d5580000,0x00000000d5c80000,0x00000000d5c80000)
  from space 512K, 68% used [0x00000000d6580000,0x00000000d65d8010,0x00000000d6600000)
  to   space 512K, 0% used [0x00000000d6500000,0x00000000d6500000,0x00000000d6580000)
 ParOldGen       total 389632K, used 389343K [0x0000000080000000, 0x0000000097c80000, 0x00000000d5580000)
  object space 389632K, 99% used [0x0000000080000000,0x0000000097c37e20,0x0000000097c80000)
 Metaspace       used 72701K, committed 74048K, reserved 1179648K
  class space    used 8207K, committed 8832K, reserved 1048576K
}
Event: 117.200 GC heap after
{Heap after GC invocations=391 (full 4):
 PSYoungGen      total 7680K, used 320K [0x00000000d5580000, 0x00000000d6600000, 0x0000000100000000)
  eden space 7168K, 0% used [0x00000000d5580000,0x00000000d5580000,0x00000000d5c80000)
  from space 512K, 62% used [0x00000000d6500000,0x00000000d6550010,0x00000000d6580000)
  to   space 512K, 0% used [0x00000000d6580000,0x00000000d6580000,0x00000000d6600000)
 ParOldGen       total 389632K, used 389367K [0x0000000080000000, 0x0000000097c80000, 0x00000000d5580000)
  object space 389632K, 99% used [0x0000000080000000,0x0000000097c3de20,0x0000000097c80000)
 Metaspace       used 72701K, committed 74048K, reserved 1179648K
  class space    used 8207K, committed 8832K, reserved 1048576K
}
Event: 117.286 GC heap before
{Heap before GC invocations=392 (full 4):
 PSYoungGen      total 7680K, used 7488K [0x00000000d5580000, 0x00000000d6600000, 0x0000000100000000)
  eden space 7168K, 100% used [0x00000000d5580000,0x00000000d5c80000,0x00000000d5c80000)
  from space 512K, 62% used [0x00000000d6500000,0x00000000d6550010,0x00000000d6580000)
  to   space 512K, 0% used [0x00000000d6580000,0x00000000d6580000,0x00000000d6600000)
 ParOldGen       total 389632K, used 389367K [0x0000000080000000, 0x0000000097c80000, 0x00000000d5580000)
  object space 389632K, 99% used [0x0000000080000000,0x0000000097c3de20,0x0000000097c80000)
 Metaspace       used 72701K, committed 74048K, reserved 1179648K
  class space    used 8207K, committed 8832K, reserved 1048576K
}
Event: 117.288 GC heap after
{Heap after GC invocations=392 (full 4):
 PSYoungGen      total 7680K, used 288K [0x00000000d5580000, 0x00000000d6600000, 0x0000000100000000)
  eden space 7168K, 0% used [0x00000000d5580000,0x00000000d5580000,0x00000000d5c80000)
  from space 512K, 56% used [0x00000000d6580000,0x00000000d65c8010,0x00000000d6600000)
  to   space 512K, 0% used [0x00000000d6500000,0x00000000d6500000,0x00000000d6580000)
 ParOldGen       total 389632K, used 389375K [0x0000000080000000, 0x0000000097c80000, 0x00000000d5580000)
  object space 389632K, 99% used [0x0000000080000000,0x0000000097c3fe20,0x0000000097c80000)
 Metaspace       used 72701K, committed 74048K, reserved 1179648K
  class space    used 8207K, committed 8832K, reserved 1048576K
}
Event: 117.385 GC heap before
{Heap before GC invocations=393 (full 4):
 PSYoungGen      total 7680K, used 7456K [0x00000000d5580000, 0x00000000d6600000, 0x0000000100000000)
  eden space 7168K, 100% used [0x00000000d5580000,0x00000000d5c80000,0x00000000d5c80000)
  from space 512K, 56% used [0x00000000d6580000,0x00000000d65c8010,0x00000000d6600000)
  to   space 512K, 0% used [0x00000000d6500000,0x00000000d6500000,0x00000000d6580000)
 ParOldGen       total 389632K, used 389375K [0x0000000080000000, 0x0000000097c80000, 0x00000000d5580000)
  object space 389632K, 99% used [0x0000000080000000,0x0000000097c3fe20,0x0000000097c80000)
 Metaspace       used 72701K, committed 74048K, reserved 1179648K
  class space    used 8207K, committed 8832K, reserved 1048576K
}
Event: 117.387 GC heap after
{Heap after GC invocations=393 (full 4):
 PSYoungGen      total 7680K, used 320K [0x00000000d5580000, 0x00000000d6600000, 0x0000000100000000)
  eden space 7168K, 0% used [0x00000000d5580000,0x00000000d5580000,0x00000000d5c80000)
  from space 512K, 62% used [0x00000000d6500000,0x00000000d6550010,0x00000000d6580000)
  to   space 512K, 0% used [0x00000000d6580000,0x00000000d6580000,0x00000000d6600000)
 ParOldGen       total 389632K, used 389375K [0x0000000080000000, 0x0000000097c80000, 0x00000000d5580000)
  object space 389632K, 99% used [0x0000000080000000,0x0000000097c3fe20,0x0000000097c80000)
 Metaspace       used 72701K, committed 74048K, reserved 1179648K
  class space    used 8207K, committed 8832K, reserved 1048576K
}
Event: 117.434 GC heap before
{Heap before GC invocations=394 (full 4):
 PSYoungGen      total 7680K, used 7488K [0x00000000d5580000, 0x00000000d6600000, 0x0000000100000000)
  eden space 7168K, 100% used [0x00000000d5580000,0x00000000d5c80000,0x00000000d5c80000)
  from space 512K, 62% used [0x00000000d6500000,0x00000000d6550010,0x00000000d6580000)
  to   space 512K, 0% used [0x00000000d6580000,0x00000000d6580000,0x00000000d6600000)
 ParOldGen       total 389632K, used 389375K [0x0000000080000000, 0x0000000097c80000, 0x00000000d5580000)
  object space 389632K, 99% used [0x0000000080000000,0x0000000097c3fe20,0x0000000097c80000)
 Metaspace       used 72701K, committed 74048K, reserved 1179648K
  class space    used 8207K, committed 8832K, reserved 1048576K
}
Event: 117.435 GC heap after
{Heap after GC invocations=394 (full 4):
 PSYoungGen      total 7680K, used 320K [0x00000000d5580000, 0x00000000d6600000, 0x0000000100000000)
  eden space 7168K, 0% used [0x00000000d5580000,0x00000000d5580000,0x00000000d5c80000)
  from space 512K, 62% used [0x00000000d6580000,0x00000000d65d0010,0x00000000d6600000)
  to   space 512K, 0% used [0x00000000d6500000,0x00000000d6500000,0x00000000d6580000)
 ParOldGen       total 389632K, used 389375K [0x0000000080000000, 0x0000000097c80000, 0x00000000d5580000)
  object space 389632K, 99% used [0x0000000080000000,0x0000000097c3fe20,0x0000000097c80000)
 Metaspace       used 72701K, committed 74048K, reserved 1179648K
  class space    used 8207K, committed 8832K, reserved 1048576K
}
Event: 117.480 GC heap before
{Heap before GC invocations=395 (full 4):
 PSYoungGen      total 7680K, used 7488K [0x00000000d5580000, 0x00000000d6600000, 0x0000000100000000)
  eden space 7168K, 100% used [0x00000000d5580000,0x00000000d5c80000,0x00000000d5c80000)
  from space 512K, 62% used [0x00000000d6580000,0x00000000d65d0010,0x00000000d6600000)
  to   space 512K, 0% used [0x00000000d6500000,0x00000000d6500000,0x00000000d6580000)
 ParOldGen       total 389632K, used 389375K [0x0000000080000000, 0x0000000097c80000, 0x00000000d5580000)
  object space 389632K, 99% used [0x0000000080000000,0x0000000097c3fe20,0x0000000097c80000)
 Metaspace       used 72701K, committed 74048K, reserved 1179648K
  class space    used 8207K, committed 8832K, reserved 1048576K
}
Event: 117.481 GC heap after
{Heap after GC invocations=395 (full 4):
 PSYoungGen      total 7680K, used 352K [0x00000000d5580000, 0x00000000d6600000, 0x0000000100000000)
  eden space 7168K, 0% used [0x00000000d5580000,0x00000000d5580000,0x00000000d5c80000)
  from space 512K, 68% used [0x00000000d6500000,0x00000000d6558010,0x00000000d6580000)
  to   space 512K, 0% used [0x00000000d6580000,0x00000000d6580000,0x00000000d6600000)
 ParOldGen       total 389632K, used 389375K [0x0000000080000000, 0x0000000097c80000, 0x00000000d5580000)
  object space 389632K, 99% used [0x0000000080000000,0x0000000097c3fe20,0x0000000097c80000)
 Metaspace       used 72701K, committed 74048K, reserved 1179648K
  class space    used 8207K, committed 8832K, reserved 1048576K
}
Event: 117.540 GC heap before
{Heap before GC invocations=396 (full 4):
 PSYoungGen      total 7680K, used 7520K [0x00000000d5580000, 0x00000000d6600000, 0x0000000100000000)
  eden space 7168K, 100% used [0x00000000d5580000,0x00000000d5c80000,0x00000000d5c80000)
  from space 512K, 68% used [0x00000000d6500000,0x00000000d6558010,0x00000000d6580000)
  to   space 512K, 0% used [0x00000000d6580000,0x00000000d6580000,0x00000000d6600000)
 ParOldGen       total 389632K, used 389375K [0x0000000080000000, 0x0000000097c80000, 0x00000000d5580000)
  object space 389632K, 99% used [0x0000000080000000,0x0000000097c3fe20,0x0000000097c80000)
 Metaspace       used 72701K, committed 74048K, reserved 1179648K
  class space    used 8207K, committed 8832K, reserved 1048576K
}
Event: 118.372 GC heap after
{Heap after GC invocations=396 (full 4):
 PSYoungGen      total 9216K, used 352K [0x00000000d5580000, 0x00000000d6600000, 0x0000000100000000)
  eden space 8704K, 0% used [0x00000000d5580000,0x00000000d5580000,0x00000000d5e00000)
  from space 512K, 68% used [0x00000000d6580000,0x00000000d65d8010,0x00000000d6600000)
  to   space 512K, 0% used [0x00000000d6500000,0x00000000d6500000,0x00000000d6580000)
 ParOldGen       total 389632K, used 389383K [0x0000000080000000, 0x0000000097c80000, 0x00000000d5580000)
  object space 389632K, 99% used [0x0000000080000000,0x0000000097c41e20,0x0000000097c80000)
 Metaspace       used 72701K, committed 74048K, reserved 1179648K
  class space    used 8207K, committed 8832K, reserved 1048576K
}
Event: 119.511 GC heap before
{Heap before GC invocations=397 (full 4):
 PSYoungGen      total 9216K, used 9056K [0x00000000d5580000, 0x00000000d6600000, 0x0000000100000000)
  eden space 8704K, 100% used [0x00000000d5580000,0x00000000d5e00000,0x00000000d5e00000)
  from space 512K, 68% used [0x00000000d6580000,0x00000000d65d8010,0x00000000d6600000)
  to   space 512K, 0% used [0x00000000d6500000,0x00000000d6500000,0x00000000d6580000)
 ParOldGen       total 389632K, used 389383K [0x0000000080000000, 0x0000000097c80000, 0x00000000d5580000)
  object space 389632K, 99% used [0x0000000080000000,0x0000000097c41e20,0x0000000097c80000)
 Metaspace       used 72701K, committed 74048K, reserved 1179648K
  class space    used 8207K, committed 8832K, reserved 1048576K
}
Event: 119.512 GC heap after
{Heap after GC invocations=397 (full 4):
 PSYoungGen      total 11264K, used 288K [0x00000000d5580000, 0x00000000d6600000, 0x0000000100000000)
  eden space 10752K, 0% used [0x00000000d5580000,0x00000000d5580000,0x00000000d6000000)
  from space 512K, 56% used [0x00000000d6500000,0x00000000d6548010,0x00000000d6580000)
  to   space 512K, 0% used [0x00000000d6580000,0x00000000d6580000,0x00000000d6600000)
 ParOldGen       total 389632K, used 389431K [0x0000000080000000, 0x0000000097c80000, 0x00000000d5580000)
  object space 389632K, 99% used [0x0000000080000000,0x0000000097c4de20,0x0000000097c80000)
 Metaspace       used 72701K, committed 74048K, reserved 1179648K
  class space    used 8207K, committed 8832K, reserved 1048576K
}
Event: 119.566 GC heap before
{Heap before GC invocations=398 (full 4):
 PSYoungGen      total 11264K, used 11040K [0x00000000d5580000, 0x00000000d6600000, 0x0000000100000000)
  eden space 10752K, 100% used [0x00000000d5580000,0x00000000d6000000,0x00000000d6000000)
  from space 512K, 56% used [0x00000000d6500000,0x00000000d6548010,0x00000000d6580000)
  to   space 512K, 0% used [0x00000000d6580000,0x00000000d6580000,0x00000000d6600000)
 ParOldGen       total 389632K, used 389431K [0x0000000080000000, 0x0000000097c80000, 0x00000000d5580000)
  object space 389632K, 99% used [0x0000000080000000,0x0000000097c4de20,0x0000000097c80000)
 Metaspace       used 72701K, committed 74048K, reserved 1179648K
  class space    used 8207K, committed 8832K, reserved 1048576K
}
Event: 119.567 GC heap after
{Heap after GC invocations=398 (full 4):
 PSYoungGen      total 13312K, used 160K [0x00000000d5580000, 0x00000000d6600000, 0x0000000100000000)
  eden space 12800K, 0% used [0x00000000d5580000,0x00000000d5580000,0x00000000d6200000)
  from space 512K, 31% used [0x00000000d6580000,0x00000000d65a8000,0x00000000d6600000)
  to   space 512K, 0% used [0x00000000d6500000,0x00000000d6500000,0x00000000d6580000)
 ParOldGen       total 389632K, used 389551K [0x0000000080000000, 0x0000000097c80000, 0x00000000d5580000)
  object space 389632K, 99% used [0x0000000080000000,0x0000000097c6be30,0x0000000097c80000)
 Metaspace       used 72701K, committed 74048K, reserved 1179648K
  class space    used 8207K, committed 8832K, reserved 1048576K
}

