# JRE version: Java(TM) SE Runtime Environment (21.0.8+12) (build 21.0.8+12-LTS-250)
# Java VM: Java HotSpot(TM) 64-Bit Server VM (21.0.8+12-LTS-250, mixed mode, sharing, tiered, compressed oops, compressed class ptrs, g1 gc, windows-amd64)
GC Precious Log:
 CardTable entry size: 512
 Card Set container configuration: InlinePtr #cards 4 size 8 Array Of Cards #cards 16 size 48 Howl #buckets 8 coarsen threshold 3686 Howl Bitmap #cards 512 size 80 coarsen threshold 460 Card regions per heap region 1 cards per card region 4096
 CPUs: 12 total, 12 available
 Memory: 6005M
 Large Page Support: Disabled
 NUMA Support: Disabled
 Compressed Oops: Enabled (Zero based)
 Heap Region Size: 2M
 Heap Min Capacity: 8M
 Heap Initial Capacity: 94M
 Heap Max Capacity: 3G
 Pre-touch: Disabled
 Parallel Workers: 10
 Concurrent Workers: 3
 Concurrent Refinement Workers: 10
 Periodic GC: Disabled
Heap:
 garbage-first heap   total 96256K, used 30914K [0x0000000740000000, 0x0000000800000000)
  region size 2048K, 3 young (6144K), 2 survivors (4096K)
 Metaspace       used 34794K, committed 36096K, reserved 491520K
  class space    used 5032K, committed 5696K, reserved 425984K
GC Heap History (16 events):
Event: 0.444 GC heap before
{Heap before GC invocations=0 (full 0):
 garbage-first heap   total 96256K, used 20480K [0x0000000740000000, 0x0000000800000000)
  region size 2048K, 11 young (22528K), 0 survivors (0K)
 Metaspace       used 1047K, committed 1152K, reserved 491520K
  class space    used 76K, committed 128K, reserved 425984K
}
Event: 0.449 GC heap after
{Heap after GC invocations=1 (full 0):
 garbage-first heap   total 96256K, used 2688K [0x0000000740000000, 0x0000000800000000)
  region size 2048K, 2 young (4096K), 2 survivors (4096K)
 Metaspace       used 1047K, committed 1152K, reserved 491520K
  class space    used 76K, committed 128K, reserved 425984K
}
Event: 1.274 GC heap before
{Heap before GC invocations=1 (full 0):
 garbage-first heap   total 96256K, used 45696K [0x0000000740000000, 0x0000000800000000)
  region size 2048K, 22 young (45056K), 2 survivors (4096K)
 Metaspace       used 4356K, committed 4544K, reserved 491520K
  class space    used 533K, committed 640K, reserved 425984K
}
Event: 1.283 GC heap after
{Heap after GC invocations=2 (full 0):
 garbage-first heap   total 96256K, used 11386K [0x0000000740000000, 0x0000000800000000)
  region size 2048K, 3 young (6144K), 3 survivors (6144K)
 Metaspace       used 4356K, committed 4544K, reserved 491520K
  class space    used 533K, committed 640K, reserved 425984K
}
Event: 1.956 GC heap before
{Heap before GC invocations=2 (full 0):
 garbage-first heap   total 96256K, used 54394K [0x0000000740000000, 0x0000000800000000)
  region size 2048K, 25 young (51200K), 3 survivors (6144K)
 Metaspace       used 6814K, committed 7104K, reserved 491520K
  class space    used 879K, committed 1024K, reserved 425984K
}
Event: 1.964 GC heap after
{Heap after GC invocations=3 (full 0):
 garbage-first heap   total 96256K, used 18616K [0x0000000740000000, 0x0000000800000000)
  region size 2048K, 4 young (8192K), 4 survivors (8192K)
 Metaspace       used 6814K, committed 7104K, reserved 491520K
  class space    used 879K, committed 1024K, reserved 425984K
}
Event: 3.489 GC heap before
{Heap before GC invocations=3 (full 0):
 garbage-first heap   total 96256K, used 65720K [0x0000000740000000, 0x0000000800000000)
  region size 2048K, 28 young (57344K), 4 survivors (8192K)
 Metaspace       used 16889K, committed 17472K, reserved 491520K
  class space    used 2292K, committed 2560K, reserved 425984K
}
Event: 3.499 GC heap after
{Heap after GC invocations=4 (full 0):
 garbage-first heap   total 96256K, used 22430K [0x0000000740000000, 0x0000000800000000)
  region size 2048K, 3 young (6144K), 3 survivors (6144K)
 Metaspace       used 16889K, committed 17472K, reserved 491520K
  class space    used 2292K, committed 2560K, reserved 425984K
}
Event: 4.290 GC heap before
{Heap before GC invocations=4 (full 0):
 garbage-first heap   total 96256K, used 53150K [0x0000000740000000, 0x0000000800000000)
  region size 2048K, 19 young (38912K), 3 survivors (6144K)
 Metaspace       used 20861K, committed 21504K, reserved 491520K
  class space    used 2954K, committed 3264K, reserved 425984K
}
Event: 4.296 GC heap after
{Heap after GC invocations=5 (full 0):
 garbage-first heap   total 96256K, used 24378K [0x0000000740000000, 0x0000000800000000)
  region size 2048K, 4 young (8192K), 4 survivors (8192K)
 Metaspace       used 20861K, committed 21504K, reserved 491520K
  class space    used 2954K, committed 3264K, reserved 425984K
}
Event: 5.545 GC heap before
{Heap before GC invocations=6 (full 0):
 garbage-first heap   total 96256K, used 71482K [0x0000000740000000, 0x0000000800000000)
  region size 2048K, 28 young (57344K), 4 survivors (8192K)
 Metaspace       used 27400K, committed 28352K, reserved 491520K
  class space    used 3940K, committed 4416K, reserved 425984K
}
Event: 5.553 GC heap after
{Heap after GC invocations=7 (full 0):
 garbage-first heap   total 96256K, used 28672K [0x0000000740000000, 0x0000000800000000)
  region size 2048K, 4 young (8192K), 4 survivors (8192K)
 Metaspace       used 27400K, committed 28352K, reserved 491520K
  class space    used 3940K, committed 4416K, reserved 425984K
}
Event: 6.462 GC heap before
{Heap before GC invocations=7 (full 0):
 garbage-first heap   total 96256K, used 75776K [0x0000000740000000, 0x0000000800000000)
  region size 2048K, 28 young (57344K), 4 survivors (8192K)
 Metaspace       used 33652K, committed 34944K, reserved 491520K
  class space    used 4932K, committed 5568K, reserved 425984K
}
Event: 6.470 GC heap after
{Heap after GC invocations=8 (full 0):
 garbage-first heap   total 96256K, used 31116K [0x0000000740000000, 0x0000000800000000)
  region size 2048K, 2 young (4096K), 2 survivors (4096K)
 Metaspace       used 33652K, committed 34944K, reserved 491520K
  class space    used 4932K, committed 5568K, reserved 425984K
}
Event: 6.610 GC heap before
{Heap before GC invocations=8 (full 0):
 garbage-first heap   total 96256K, used 33164K [0x0000000740000000, 0x0000000800000000)
  region size 2048K, 4 young (8192K), 2 survivors (4096K)
 Metaspace       used 34714K, committed 35968K, reserved 491520K
  class space    used 5024K, committed 5632K, reserved 425984K
}
Event: 6.615 GC heap after
{Heap after GC invocations=9 (full 0):
 garbage-first heap   total 96256K, used 30914K [0x0000000740000000, 0x0000000800000000)
  region size 2048K, 2 young (4096K), 2 survivors (4096K)
 Metaspace       used 34714K, committed 35968K, reserved 491520K
  class space    used 5024K, committed 5632K, reserved 425984K
}

