# JRE version: Java(TM) SE Runtime Environment (21.0.8+12) (build 21.0.8+12-LTS-250)
# Java VM: Java HotSpot(TM) 64-Bit Server VM (21.0.8+12-LTS-250, mixed mode, tiered, compressed oops, compressed class ptrs, g1 gc, windows-amd64)
GC Precious Log:
 CardTable entry size: 512
 Card Set container configuration: InlinePtr #cards 5 size 8 Array Of Cards #cards 12 size 40 Howl #buckets 4 coarsen threshold 1843 Howl Bitmap #cards 512 size 80 coarsen threshold 460 Card regions per heap region 1 cards per card region 2048
 CPUs: 12 total, 12 available
 Memory: 6005M
 Large Page Support: Disabled
 NUMA Support: Disabled
 Compressed Oops: Enabled (32-bit)
 Heap Region Size: 1M
 Heap Min Capacity: 8M
 Heap Initial Capacity: 94M
 Heap Max Capacity: 1536M
 Pre-touch: Disabled
 Parallel Workers: 10
 Concurrent Workers: 3
 Concurrent Refinement Workers: 10
 Periodic GC: Disabled
Heap:
 garbage-first heap   total 224256K, used 188215K [0x00000000a0000000, 0x0000000100000000)
  region size 1024K, 64 young (65536K), 6 survivors (6144K)
 Metaspace       used 103409K, committed 105792K, reserved 1179648K
  class space    used 13898K, committed 15104K, reserved 1048576K
GC Heap History (20 events):
Event: 24.812 GC heap before
{Heap before GC invocations=36 (full 0):
 garbage-first heap   total 147456K, used 117037K [0x00000000a0000000, 0x0000000100000000)
  region size 1024K, 38 young (38912K), 6 survivors (6144K)
 Metaspace       used 81615K, committed 83648K, reserved 1179648K
  class space    used 10747K, committed 11776K, reserved 1048576K
}
Event: 24.819 GC heap after
{Heap after GC invocations=37 (full 0):
 garbage-first heap   total 147456K, used 87505K [0x00000000a0000000, 0x0000000100000000)
  region size 1024K, 4 young (4096K), 4 survivors (4096K)
 Metaspace       used 81615K, committed 83648K, reserved 1179648K
  class space    used 10747K, committed 11776K, reserved 1048576K
}
Event: 26.726 GC heap before
{Heap before GC invocations=37 (full 0):
 garbage-first heap   total 147456K, used 132561K [0x00000000a0000000, 0x0000000100000000)
  region size 1024K, 48 young (49152K), 4 survivors (4096K)
 Metaspace       used 85027K, committed 87104K, reserved 1179648K
  class space    used 11284K, committed 12352K, reserved 1048576K
}
Event: 26.731 GC heap after
{Heap after GC invocations=38 (full 0):
 garbage-first heap   total 147456K, used 88731K [0x00000000a0000000, 0x0000000100000000)
  region size 1024K, 5 young (5120K), 5 survivors (5120K)
 Metaspace       used 85027K, committed 87104K, reserved 1179648K
  class space    used 11284K, committed 12352K, reserved 1048576K
}
Event: 27.659 GC heap before
{Heap before GC invocations=38 (full 0):
 garbage-first heap   total 147456K, used 133787K [0x00000000a0000000, 0x0000000100000000)
  region size 1024K, 49 young (50176K), 5 survivors (5120K)
 Metaspace       used 88635K, committed 90816K, reserved 1179648K
  class space    used 11895K, committed 12992K, reserved 1048576K
}
Event: 27.666 GC heap after
{Heap after GC invocations=39 (full 0):
 garbage-first heap   total 147456K, used 90806K [0x00000000a0000000, 0x0000000100000000)
  region size 1024K, 4 young (4096K), 4 survivors (4096K)
 Metaspace       used 88635K, committed 90816K, reserved 1179648K
  class space    used 11895K, committed 12992K, reserved 1048576K
}
Event: 28.774 GC heap before
{Heap before GC invocations=40 (full 0):
 garbage-first heap   total 158720K, used 133814K [0x00000000a0000000, 0x0000000100000000)
  region size 1024K, 45 young (46080K), 4 survivors (4096K)
 Metaspace       used 89689K, committed 91840K, reserved 1179648K
  class space    used 12005K, committed 13120K, reserved 1048576K
}
Event: 28.781 GC heap after
{Heap after GC invocations=41 (full 0):
 garbage-first heap   total 158720K, used 96931K [0x00000000a0000000, 0x0000000100000000)
  region size 1024K, 6 young (6144K), 6 survivors (6144K)
 Metaspace       used 89689K, committed 91840K, reserved 1179648K
  class space    used 12005K, committed 13120K, reserved 1048576K
}
Event: 29.619 GC heap before
{Heap before GC invocations=41 (full 0):
 garbage-first heap   total 158720K, used 145059K [0x00000000a0000000, 0x0000000100000000)
  region size 1024K, 51 young (52224K), 6 survivors (6144K)
 Metaspace       used 91338K, committed 93504K, reserved 1179648K
  class space    used 12271K, committed 13376K, reserved 1048576K
}
Event: 29.629 GC heap after
{Heap after GC invocations=42 (full 0):
 garbage-first heap   total 162816K, used 105670K [0x00000000a0000000, 0x0000000100000000)
  region size 1024K, 7 young (7168K), 7 survivors (7168K)
 Metaspace       used 91338K, committed 93504K, reserved 1179648K
  class space    used 12271K, committed 13376K, reserved 1048576K
}
Event: 30.548 GC heap before
{Heap before GC invocations=42 (full 0):
 garbage-first heap   total 162816K, used 145606K [0x00000000a0000000, 0x0000000100000000)
  region size 1024K, 46 young (47104K), 7 survivors (7168K)
 Metaspace       used 92102K, committed 94464K, reserved 1179648K
  class space    used 12331K, committed 13504K, reserved 1048576K
}
Event: 30.557 GC heap after
{Heap after GC invocations=43 (full 0):
 garbage-first heap   total 162816K, used 112498K [0x00000000a0000000, 0x0000000100000000)
  region size 1024K, 6 young (6144K), 6 survivors (6144K)
 Metaspace       used 92102K, committed 94464K, reserved 1179648K
  class space    used 12331K, committed 13504K, reserved 1048576K
}
Event: 31.359 GC heap before
{Heap before GC invocations=44 (full 0):
 garbage-first heap   total 194560K, used 146290K [0x00000000a0000000, 0x0000000100000000)
  region size 1024K, 39 young (39936K), 6 survivors (6144K)
 Metaspace       used 92576K, committed 94976K, reserved 1179648K
  class space    used 12384K, committed 13568K, reserved 1048576K
}
Event: 31.367 GC heap after
{Heap after GC invocations=45 (full 0):
 garbage-first heap   total 194560K, used 118056K [0x00000000a0000000, 0x0000000100000000)
  region size 1024K, 5 young (5120K), 5 survivors (5120K)
 Metaspace       used 92576K, committed 94976K, reserved 1179648K
  class space    used 12384K, committed 13568K, reserved 1048576K
}
Event: 32.495 GC heap before
{Heap before GC invocations=45 (full 0):
 garbage-first heap   total 194560K, used 174376K [0x00000000a0000000, 0x0000000100000000)
  region size 1024K, 59 young (60416K), 5 survivors (5120K)
 Metaspace       used 95778K, committed 98112K, reserved 1179648K
  class space    used 12879K, committed 14016K, reserved 1048576K
}
Event: 32.504 GC heap after
{Heap after GC invocations=46 (full 0):
 garbage-first heap   total 194560K, used 124392K [0x00000000a0000000, 0x0000000100000000)
  region size 1024K, 6 young (6144K), 6 survivors (6144K)
 Metaspace       used 95778K, committed 98112K, reserved 1179648K
  class space    used 12879K, committed 14016K, reserved 1048576K
}
Event: 33.276 GC heap before
{Heap before GC invocations=46 (full 0):
 garbage-first heap   total 194560K, used 175592K [0x00000000a0000000, 0x0000000100000000)
  region size 1024K, 56 young (57344K), 6 survivors (6144K)
 Metaspace       used 98563K, committed 100928K, reserved 1179648K
  class space    used 13258K, committed 14400K, reserved 1048576K
}
Event: 33.283 GC heap after
{Heap after GC invocations=47 (full 0):
 garbage-first heap   total 194560K, used 127811K [0x00000000a0000000, 0x0000000100000000)
  region size 1024K, 4 young (4096K), 4 survivors (4096K)
 Metaspace       used 98563K, committed 100928K, reserved 1179648K
  class space    used 13258K, committed 14400K, reserved 1048576K
}
Event: 34.196 GC heap before
{Heap before GC invocations=48 (full 0):
 garbage-first heap   total 224256K, used 176963K [0x00000000a0000000, 0x0000000100000000)
  region size 1024K, 52 young (53248K), 4 survivors (4096K)
 Metaspace       used 102580K, committed 104960K, reserved 1179648K
  class space    used 13798K, committed 14976K, reserved 1048576K
}
Event: 34.203 GC heap after
{Heap after GC invocations=49 (full 0):
 garbage-first heap   total 224256K, used 129847K [0x00000000a0000000, 0x0000000100000000)
  region size 1024K, 6 young (6144K), 6 survivors (6144K)
 Metaspace       used 102580K, committed 104960K, reserved 1179648K
  class space    used 13798K, committed 14976K, reserved 1048576K
}

